# JRE version: Java(TM) SE Runtime Environment (8.0_131-b11) (build 1.8.0_131-b11)
# Java VM: Java HotSpot(TM) 64-Bit Server VM (25.131-b11 mixed mode linux-amd64 compressed oops)
Heap:
 def new generation   total 314560K, used 41942K [0x00000000c0000000, 0x00000000d5550000, 0x00000000d5550000)
  eden space 279616K,  15% used [0x00000000c0000000, 0x00000000c28f5b98, 0x00000000d1110000)
  from space 34944K,   0% used [0x00000000d3330000, 0x00000000d3330000, 0x00000000d5550000)
  to   space 34944K,   0% used [0x00000000d1110000, 0x00000000d1110000, 0x00000000d3330000)
 tenured generation   total 699072K, used 113356K [0x00000000d5550000, 0x0000000100000000, 0x0000000100000000)
   the space 699072K,  16% used [0x00000000d5550000, 0x00000000dc4033e0, 0x00000000dc403400, 0x0000000100000000)
 Metaspace       used 115792K, capacity 116471K, committed 116952K, reserved 1146880K
  class space    used 19937K, capacity 20136K, committed 20224K, reserved 1048576K
GC Heap History (10 events):
Event: 1317.859 GC heap before
{Heap before GC invocations=24 (full 3):
 def new generation   total 314560K, used 294756K [0x00000000c0000000, 0x00000000d5550000, 0x00000000d5550000)
  eden space 279616K, 100% used [0x00000000c0000000, 0x00000000d1110000, 0x00000000d1110000)
  from space 34944K,  43% used [0x00000000d3330000, 0x00000000d41f93a8, 0x00000000d5550000)
  to   space 34944K,   0% used [0x00000000d1110000, 0x00000000d1110000, 0x00000000d3330000)
 tenured generation   total 699072K, used 134418K [0x00000000d5550000, 0x0000000100000000, 0x0000000100000000)
   the space 699072K,  19% used [0x00000000d5550000, 0x00000000dd8949e0, 0x00000000dd894a00, 0x0000000100000000)
 Metaspace       used 78693K, capacity 79254K, committed 79488K, reserved 1114112K
  class space    used 13713K, capacity 13890K, committed 13952K, reserved 1048576K
Event: 1317.917 GC heap after
Heap after GC invocations=25 (full 3):
 def new generation   total 314560K, used 14670K [0x00000000c0000000, 0x00000000d5550000, 0x00000000d5550000)
  eden space 279616K,   0% used [0x00000000c0000000, 0x00000000c0000000, 0x00000000d1110000)
  from space 34944K,  41% used [0x00000000d1110000, 0x00000000d1f63a60, 0x00000000d3330000)
  to   space 34944K,   0% used [0x00000000d3330000, 0x00000000d3330000, 0x00000000d5550000)
 tenured generation   total 699072K, used 134418K [0x00000000d5550000, 0x0000000100000000, 0x0000000100000000)
   the space 699072K,  19% used [0x00000000d5550000, 0x00000000dd8949e0, 0x00000000dd894a00, 0x0000000100000000)
 Metaspace       used 78693K, capacity 79254K, committed 79488K, reserved 1114112K
  class space    used 13713K, capacity 13890K, committed 13952K, reserved 1048576K
}
Event: 1353.844 GC heap before
{Heap before GC invocations=25 (full 3):
 def new generation   total 314560K, used 294286K [0x00000000c0000000, 0x00000000d5550000, 0x00000000d5550000)
  eden space 279616K, 100% used [0x00000000c0000000, 0x00000000d1110000, 0x00000000d1110000)
  from space 34944K,  41% used [0x00000000d1110000, 0x00000000d1f63a60, 0x00000000d3330000)
  to   space 34944K,   0% used [0x00000000d3330000, 0x00000000d3330000, 0x00000000d5550000)
 tenured generation   total 699072K, used 134418K [0x00000000d5550000, 0x0000000100000000, 0x0000000100000000)
   the space 699072K,  19% used [0x00000000d5550000, 0x00000000dd8949e0, 0x00000000dd894a00, 0x0000000100000000)
 Metaspace       used 78704K, capacity 79318K, committed 79488K, reserved 1114112K
  class space    used 13713K, capacity 13890K, committed 13952K, reserved 1048576K
Event: 1353.873 GC heap after
Heap after GC invocations=26 (full 3):
 def new generation   total 314560K, used 17676K [0x00000000c0000000, 0x00000000d5550000, 0x00000000d5550000)
  eden space 279616K,   0% used [0x00000000c0000000, 0x00000000c0000000, 0x00000000d1110000)
  from space 34944K,  50% used [0x00000000d3330000, 0x00000000d44733c0, 0x00000000d5550000)
  to   space 34944K,   0% used [0x00000000d1110000, 0x00000000d1110000, 0x00000000d3330000)
 tenured generation   total 699072K, used 134418K [0x00000000d5550000, 0x0000000100000000, 0x0000000100000000)
   the space 699072K,  19% used [0x00000000d5550000, 0x00000000dd8949e0, 0x00000000dd894a00, 0x0000000100000000)
 Metaspace       used 78704K, capacity 79318K, committed 79488K, reserved 1114112K
  class space    used 13713K, capacity 13890K, committed 13952K, reserved 1048576K
}
Event: 1370.550 GC heap before
{Heap before GC invocations=26 (full 3):
 def new generation   total 314560K, used 297292K [0x00000000c0000000, 0x00000000d5550000, 0x00000000d5550000)
  eden space 279616K, 100% used [0x00000000c0000000, 0x00000000d1110000, 0x00000000d1110000)
  from space 34944K,  50% used [0x00000000d3330000, 0x00000000d44733c0, 0x00000000d5550000)
  to   space 34944K,   0% used [0x00000000d1110000, 0x00000000d1110000, 0x00000000d3330000)
 tenured generation   total 699072K, used 134418K [0x00000000d5550000, 0x0000000100000000, 0x0000000100000000)
   the space 699072K,  19% used [0x00000000d5550000, 0x00000000dd8949e0, 0x00000000dd894a00, 0x0000000100000000)
 Metaspace       used 84260K, capacity 84998K, committed 85376K, reserved 1120256K
  class space    used 14684K, capacity 14866K, committed 14976K, reserved 1048576K
Event: 1370.591 GC heap after
Heap after GC invocations=27 (full 3):
 def new generation   total 314560K, used 18447K [0x00000000c0000000, 0x00000000d5550000, 0x00000000d5550000)
  eden space 279616K,   0% used [0x00000000c0000000, 0x00000000c0000000, 0x00000000d1110000)
  from space 34944K,  52% used [0x00000000d1110000, 0x00000000d2313d48, 0x00000000d3330000)
  to   space 34944K,   0% used [0x00000000d3330000, 0x00000000d3330000, 0x00000000d5550000)
 tenured generation   total 699072K, used 140790K [0x00000000d5550000, 0x0000000100000000, 0x0000000100000000)
   the space 699072K,  20% used [0x00000000d5550000, 0x00000000ddecda10, 0x00000000ddecdc00, 0x0000000100000000)
 Metaspace       used 84260K, capacity 84998K, committed 85376K, reserved 1120256K
  class space    used 14684K, capacity 14866K, committed 14976K, reserved 1048576K
}
Event: 1426.947 GC heap before
{Heap before GC invocations=27 (full 3):
 def new generation   total 314560K, used 298063K [0x00000000c0000000, 0x00000000d5550000, 0x00000000d5550000)
  eden space 279616K, 100% used [0x00000000c0000000, 0x00000000d1110000, 0x00000000d1110000)
  from space 34944K,  52% used [0x00000000d1110000, 0x00000000d2313d48, 0x00000000d3330000)
  to   space 34944K,   0% used [0x00000000d3330000, 0x00000000d3330000, 0x00000000d5550000)
 tenured generation   total 699072K, used 140790K [0x00000000d5550000, 0x0000000100000000, 0x0000000100000000)
   the space 699072K,  20% used [0x00000000d5550000, 0x00000000ddecda10, 0x00000000ddecdc00, 0x0000000100000000)
 Metaspace       used 108781K, capacity 109592K, committed 109696K, reserved 1140736K
  class space    used 19069K, capacity 19291K, committed 19328K, reserved 1048576K
Event: 1430.437 GC heap after
Heap after GC invocations=28 (full 3):
 def new generation   total 314560K, used 34944K [0x00000000c0000000, 0x00000000d5550000, 0x00000000d5550000)
  eden space 279616K,   0% used [0x00000000c0000000, 0x00000000c0000000, 0x00000000d1110000)
  from space 34944K, 100% used [0x00000000d3330000, 0x00000000d5550000, 0x00000000d5550000)
  to   space 34944K,   0% used [0x00000000d1110000, 0x00000000d1110000, 0x00000000d3330000)
 tenured generation   total 699072K, used 178123K [0x00000000d5550000, 0x0000000100000000, 0x0000000100000000)
   the space 699072K,  25% used [0x00000000d5550000, 0x00000000e0342ff8, 0x00000000e0343000, 0x0000000100000000)
 Metaspace       used 108781K, capacity 109592K, committed 109696K, reserved 1140736K
  class space    used 19069K, capacity 19291K, committed 19328K, reserved 1048576K
}
Event: 1432.193 GC heap before
{Heap before GC invocations=28 (full 3):
 def new generation   total 314560K, used 68059K [0x00000000c0000000, 0x00000000d5550000, 0x00000000d5550000)
  eden space 279616K,  11% used [0x00000000c0000000, 0x00000000c2056d30, 0x00000000d1110000)
  from space 34944K, 100% used [0x00000000d3330000, 0x00000000d5550000, 0x00000000d5550000)
  to   space 34944K,   0% used [0x00000000d1110000, 0x00000000d1110000, 0x00000000d3330000)
 tenured generation   total 699072K, used 178123K [0x00000000d5550000, 0x0000000100000000, 0x0000000100000000)
   the space 699072K,  25% used [0x00000000d5550000, 0x00000000e0342ff8, 0x00000000e0343000, 0x0000000100000000)
 Metaspace       used 111306K, capacity 112060K, committed 112216K, reserved 1142784K
  class space    used 19356K, capacity 19579K, committed 19584K, reserved 1048576K
Event: 1432.528 GC heap after
Heap after GC invocations=29 (full 4):
 def new generation   total 314560K, used 0K [0x00000000c0000000, 0x00000000d5550000, 0x00000000d5550000)
  eden space 279616K,   0% used [0x00000000c0000000, 0x00000000c0000000, 0x00000000d1110000)
  from space 34944K,   0% used [0x00000000d3330000, 0x00000000d3330000, 0x00000000d5550000)
  to   space 34944K,   0% used [0x00000000d1110000, 0x00000000d1110000, 0x00000000d3330000)
 tenured generation   total 699072K, used 113356K [0x00000000d5550000, 0x0000000100000000, 0x0000000100000000)
   the space 699072K,  16% used [0x00000000d5550000, 0x00000000dc4033e0, 0x00000000dc403400, 0x0000000100000000)
 Metaspace       used 110001K, capacity 110678K, committed 112216K, reserved 1142784K
  class space    used 19188K, capacity 19400K, committed 19584K, reserved 1048576K
}

